<?xml version="1.0" encoding="UTF-8"?>
<!-- Generated by org.testng.reporters.JUnitXMLReporter -->
<testsuite ignored="0" hostname="Ranjiths-MacBook-Pro.local" failures="1" tests="16" name="Test" time="1.306" errors="0" timestamp="2021-11-18T15:42:29 EST">
  <testcase classname="ValidateGitlabUtility" name="testGetProjectID" time="0.055">
    <failure type="org.codehaus.groovy.runtime.InvokerInvocationException" message="groovy.lang.MissingMethodException: No signature of method: vars.GitlabUtility.sh() is applicable for argument types: (LinkedHashMap) values: [[script:source /Users/ranjith/.bash_profile_test &amp;gt; /dev/null 2&amp;gt;&amp;amp;1 &amp;amp;&amp;amp; gitlab projects &amp;quot;{ per_page: &amp;apos;200&amp;apos; }&amp;quot; --only=name,id,http_url_to_repo | grep -i &amp;quot;Test Project&amp;quot; | sort | awk -F &amp;apos;|&amp;apos; &amp;apos;{ print $3 }&amp;apos; | xargs, ...]]
Possible solutions: is(java.lang.Object), use([Ljava.lang.Object;), run(), run(), any(), with(groovy.lang.Closure)">
      <![CDATA[org.codehaus.groovy.runtime.InvokerInvocationException: groovy.lang.MissingMethodException: No signature of method: vars.GitlabUtility.sh() is applicable for argument types: (LinkedHashMap) values: [[script:source /Users/ranjith/.bash_profile_test > /dev/null 2>&1 && gitlab projects "{ per_page: '200' }" --only=name,id,http_url_to_repo | grep -i "Test Project" | sort | awk -F '|' '{ print $3 }' | xargs, ...]]
Possible solutions: is(java.lang.Object), use([Ljava.lang.Object;), run(), run(), any(), with(groovy.lang.Closure)
at groovy.lang.MetaMethod.doMethodInvoke(MetaMethod.java:323)
at groovy.lang.MetaClassImpl.invokeMethod(MetaClassImpl.java:1268)
at groovy.lang.MetaClassImpl.invokeMethod(MetaClassImpl.java:1035)
at groovy.lang.MetaClassImpl.invokeMethod(MetaClassImpl.java:819)
at groovy.lang.GroovyObject.invokeMethod(GroovyObject.java:39)
at groovy.lang.Script.invokeMethod(Script.java:96)
at ValidateGitlabUtility.testGetProjectID(ValidateGitlabUtility.java:58)
at java.base/java.util.ArrayList.forEach(ArrayList.java:1511)
Caused by: groovy.lang.MissingMethodException: No signature of method: vars.GitlabUtility.sh() is applicable for argument types: (LinkedHashMap) values: [[script:source /Users/ranjith/.bash_profile_test > /dev/null 2>&1 && gitlab projects "{ per_page: '200' }" --only=name,id,http_url_to_repo | grep -i "Test Project" | sort | awk -F '|' '{ print $3 }' | xargs, ...]]
Possible solutions: is(java.lang.Object), use([Ljava.lang.Object;), run(), run(), any(), with(groovy.lang.Closure)
at org.codehaus.groovy.runtime.ScriptBytecodeAdapter.unwrap(ScriptBytecodeAdapter.java:70)
at org.codehaus.groovy.runtime.callsite.PogoMetaClassSite.callCurrent(PogoMetaClassSite.java:80)
at org.codehaus.groovy.runtime.callsite.CallSiteArray.defaultCallCurrent(CallSiteArray.java:51)
at org.codehaus.groovy.runtime.callsite.AbstractCallSite.callCurrent(AbstractCallSite.java:171)
at org.codehaus.groovy.runtime.callsite.AbstractCallSite.callCurrent(AbstractCallSite.java:185)
at vars.GitlabUtility.getProjectID(GitlabUtility.groovy:35)
... 35 more
... Removed 33 stack frames]]>
    </failure>
  </testcase> <!-- testGetProjectID -->
  <testcase classname="ValidateGitlabUtility" name="testGetProjectIDByGroupName" time="0.003"/>
  <testcase classname="ValidateGitlabUtility" name="testGetUserID" time="0.009"/>
  <testcase classname="ValidateGitlabUtility" name="testCreateBranch" time="0.001"/>
  <testcase classname="ValidateGitlabUtility" name="testCreateMergeRequest" time="0.002"/>
  <testcase classname="ValidateGitlabUtility" name="testCheckMergeStatus" time="0.004"/>
  <testcase classname="ValidateGitlabUtility" name="testAcceptMergeRequest" time="0.005"/>
  <testcase classname="ValidateGitlabUtility" name="testCheckIfBranchExists" time="0.001"/>
  <testcase classname="ValidateGitlabUtility" name="testDeleteBranch" time="0.001"/>
  <testcase classname="ValidateGitlabUtility" name="testMergeRequestHasNoChanges" time="0.0"/>
  <testcase classname="ValidateGitlabUtility" name="testSetMergePermission" time="0.001"/>
  <testcase classname="ValidateGitlabUtility" name="testUnprotectBranch" time="0.001"/>
  <testcase classname="ValidateGitlabUtility" name="testHasMergeError" time="0.001"/>
  <testcase classname="ValidateGitlabUtility" name="testCheckoutRepo" time="0.001"/>
  <testcase classname="ValidateGitlabUtility" name="testGetRepoSSHURL" time="0.001"/>
  <testcase classname="ValidateGitlabUtility" name="testCheckinFileToGitWithRebase" time="0.001"/>
</testsuite> <!-- Test -->
